#
# There is insufficient memory for the Java Runtime Environment to continue.
# Native memory allocation (malloc) failed to allocate 32784 bytes. Error detail: Chunk::new
# Possible reasons:
#   The system is out of physical RAM or swap space
#   This process is running with CompressedOops enabled, and the Java Heap may be blocking the growth of the native heap
# Possible solutions:
#   Reduce memory load on the system
#   Increase physical memory or swap space
#   Check if swap backing store is full
#   Decrease Java heap size (-Xmx/-Xms)
#   Decrease number of Java threads
#   Decrease Java thread stack sizes (-Xss)
#   Set larger code cache with -XX:ReservedCodeCacheSize=
#   JVM is running with Unscaled Compressed Oops mode in which the Java heap is
#     placed in the first 4GB address space. The Java Heap base address is the
#     maximum limit for the native heap growth. Please use -XX:HeapBaseMinAddress
#     to set the Java Heap base and to place the Java Heap above 4GB virtual address.
# This output file may be truncated or incomplete.
#
#  Out of Memory Error (arena.cpp:168), pid=12580, tid=25576
#
# JRE version: OpenJDK Runtime Environment (21.0.3) (build 21.0.3+-12282718-b509.11)
# Java VM: OpenJDK 64-Bit Server VM (21.0.3+-12282718-b509.11, mixed mode, tiered, compressed oops, compressed class ptrs, g1 gc, windows-amd64)
# No core dump will be written. Minidumps are not enabled by default on client versions of Windows
#

---------------  S U M M A R Y ------------

Command Line: --add-opens=java.base/java.util=ALL-UNNAMED --add-opens=java.base/java.lang=ALL-UNNAMED --add-opens=java.base/java.lang.invoke=ALL-UNNAMED --add-opens=java.prefs/java.util.prefs=ALL-UNNAMED --add-exports=jdk.compiler/com.sun.tools.javac.api=ALL-UNNAMED --add-exports=jdk.compiler/com.sun.tools.javac.util=ALL-UNNAMED --add-opens=java.base/java.nio.charset=ALL-UNNAMED --add-opens=java.base/java.net=ALL-UNNAMED --add-opens=java.base/java.util.concurrent.atomic=ALL-UNNAMED -Xmx2048m -Dfile.encoding=UTF-8 -Duser.country=US -Duser.language=en -Duser.variant -javaagent:C:\Users\muzif\.gradle\wrapper\dists\gradle-8.9-bin\90cnw93cvbtalezasaz0blq0a\gradle-8.9\lib\agents\gradle-instrumentation-agent-8.9.jar org.gradle.launcher.daemon.bootstrap.GradleDaemon 8.9

Host: Intel(R) Core(TM) i3-10110U CPU @ 2.10GHz, 4 cores, 7G,  Windows 11 , 64 bit Build 22621 (10.0.22621.3958)
Time: Fri Oct 25 18:43:05 2024 South Africa Standard Time elapsed time: 10.750377 seconds (0d 0h 0m 10s)

---------------  T H R E A D  ---------------

Current thread (0x0000013f6306ed10):  JavaThread "C2 CompilerThread0" daemon [_thread_in_native, id=25576, stack(0x0000002e83300000,0x0000002e83400000) (1024K)]


Current CompileTask:
C2:  10750 3001   !   4       java.net.URL::<init> (543 bytes)

Stack: [0x0000002e83300000,0x0000002e83400000]
Native frames: (J=compiled Java code, j=interpreted, Vv=VM code, C=native code)
V  [jvm.dll+0x6cafb9]
V  [jvm.dll+0x858523]
V  [jvm.dll+0x85aa7e]
V  [jvm.dll+0x85b163]
V  [jvm.dll+0x27d356]
V  [jvm.dll+0xbf93d]
V  [jvm.dll+0xbfe73]
V  [jvm.dll+0xce29d]
V  [jvm.dll+0x5e5bcd]
V  [jvm.dll+0x5e48ae]
V  [jvm.dll+0x5e3f7e]
V  [jvm.dll+0x5e3f45]
V  [jvm.dll+0x5e3f91]
V  [jvm.dll+0x5e3f91]
V  [jvm.dll+0x5f619a]
V  [jvm.dll+0x24fad2]
V  [jvm.dll+0x2484ba]
V  [jvm.dll+0x245fce]
V  [jvm.dll+0x1c5804]
V  [jvm.dll+0x25575c]
V  [jvm.dll+0x253c36]
V  [jvm.dll+0x3ec996]
V  [jvm.dll+0x800d78]
V  [jvm.dll+0x6c98cd]
C  [ucrtbase.dll+0x29333]
C  [KERNEL32.DLL+0x1257d]
C  [ntdll.dll+0x5af08]


---------------  P R O C E S S  ---------------

Threads class SMR info:
_java_thread_list=0x0000013f64f90280, length=24, elements={
0x0000013f47c65b90, 0x0000013f63042ce0, 0x0000013f6308b500, 0x0000013f630788e0,
0x0000013f6308cf70, 0x0000013f6308d9d0, 0x0000013f6308e430, 0x0000013f6306ed10,
0x0000013f6306f7b0, 0x0000013f631d1ef0, 0x0000013f634a06b0, 0x0000013f63705a10,
0x0000013f6499aad0, 0x0000013f631f5060, 0x0000013f6320dd70, 0x0000013f633560e0,
0x0000013f641fefe0, 0x0000013f64b53a00, 0x0000013f648982e0, 0x0000013f6489aa40,
0x0000013f6489b0d0, 0x0000013f64899d20, 0x0000013f6489a3b0, 0x0000013f6489b760
}

Java Threads: ( => current thread )
  0x0000013f47c65b90 JavaThread "main"                              [_thread_blocked, id=16636, stack(0x0000002e82500000,0x0000002e82600000) (1024K)]
  0x0000013f63042ce0 JavaThread "Reference Handler"          daemon [_thread_blocked, id=22384, stack(0x0000002e82d00000,0x0000002e82e00000) (1024K)]
  0x0000013f6308b500 JavaThread "Finalizer"                  daemon [_thread_blocked, id=21496, stack(0x0000002e82e00000,0x0000002e82f00000) (1024K)]
  0x0000013f630788e0 JavaThread "Signal Dispatcher"          daemon [_thread_blocked, id=9476, stack(0x0000002e82f00000,0x0000002e83000000) (1024K)]
  0x0000013f6308cf70 JavaThread "Attach Listener"            daemon [_thread_blocked, id=26668, stack(0x0000002e83000000,0x0000002e83100000) (1024K)]
  0x0000013f6308d9d0 JavaThread "Service Thread"             daemon [_thread_blocked, id=22812, stack(0x0000002e83100000,0x0000002e83200000) (1024K)]
  0x0000013f6308e430 JavaThread "Monitor Deflation Thread"   daemon [_thread_blocked, id=18532, stack(0x0000002e83200000,0x0000002e83300000) (1024K)]
=>0x0000013f6306ed10 JavaThread "C2 CompilerThread0"         daemon [_thread_in_native, id=25576, stack(0x0000002e83300000,0x0000002e83400000) (1024K)]
  0x0000013f6306f7b0 JavaThread "C1 CompilerThread0"         daemon [_thread_blocked, id=27376, stack(0x0000002e83400000,0x0000002e83500000) (1024K)]
  0x0000013f631d1ef0 JavaThread "Common-Cleaner"             daemon [_thread_blocked, id=27532, stack(0x0000002e83500000,0x0000002e83600000) (1024K)]
  0x0000013f634a06b0 JavaThread "Notification Thread"        daemon [_thread_blocked, id=18136, stack(0x0000002e83600000,0x0000002e83700000) (1024K)]
  0x0000013f63705a10 JavaThread "Daemon health stats"               [_thread_blocked, id=2984, stack(0x0000002e83a00000,0x0000002e83b00000) (1024K)]
  0x0000013f6499aad0 JavaThread "Incoming local TCP Connector on port 58472"        [_thread_in_native, id=24928, stack(0x0000002e83b00000,0x0000002e83c00000) (1024K)]
  0x0000013f631f5060 JavaThread "Daemon periodic checks"            [_thread_blocked, id=11216, stack(0x0000002e83c00000,0x0000002e83d00000) (1024K)]
  0x0000013f6320dd70 JavaThread "Daemon"                            [_thread_blocked, id=18884, stack(0x0000002e83d00000,0x0000002e83e00000) (1024K)]
  0x0000013f633560e0 JavaThread "Handler for socket connection from /127.0.0.1:58472 to /127.0.0.1:58473"        [_thread_in_native, id=6264, stack(0x0000002e83e00000,0x0000002e83f00000) (1024K)]
  0x0000013f641fefe0 JavaThread "Cancel handler"                    [_thread_blocked, id=12000, stack(0x0000002e83f00000,0x0000002e84000000) (1024K)]
  0x0000013f64b53a00 JavaThread "Daemon worker"                     [_thread_in_vm, id=21060, stack(0x0000002e84000000,0x0000002e84100000) (1024K)]
  0x0000013f648982e0 JavaThread "Asynchronous log dispatcher for DefaultDaemonConnection: socket connection from /127.0.0.1:58472 to /127.0.0.1:58473"        [_thread_blocked, id=17032, stack(0x0000002e84100000,0x0000002e84200000) (1024K)]
  0x0000013f6489aa40 JavaThread "Stdin handler"                     [_thread_blocked, id=3944, stack(0x0000002e84200000,0x0000002e84300000) (1024K)]
  0x0000013f6489b0d0 JavaThread "Daemon client event forwarder"        [_thread_blocked, id=18576, stack(0x0000002e84300000,0x0000002e84400000) (1024K)]
  0x0000013f64899d20 JavaThread "Cache worker for journal cache (C:\Users\muzif\.gradle\caches\journal-1)"        [_thread_blocked, id=9748, stack(0x0000002e84400000,0x0000002e84500000) (1024K)]
  0x0000013f6489a3b0 JavaThread "File lock request listener"        [_thread_in_native, id=10068, stack(0x0000002e84500000,0x0000002e84600000) (1024K)]
  0x0000013f6489b760 JavaThread "Cache worker for file hash cache (C:\Users\muzif\.gradle\caches\8.9\fileHashes)"        [_thread_blocked, id=1592, stack(0x0000002e84600000,0x0000002e84700000) (1024K)]
Total: 24

Other Threads:
  0x0000013f63018440 VMThread "VM Thread"                           [id=24160, stack(0x0000002e82c00000,0x0000002e82d00000) (1024K)]
  0x0000013f5ea61b70 WatcherThread "VM Periodic Task Thread"        [id=19272, stack(0x0000002e82b00000,0x0000002e82c00000) (1024K)]
  0x0000013f47cbe1f0 WorkerThread "GC Thread#0"                     [id=18808, stack(0x0000002e82600000,0x0000002e82700000) (1024K)]
  0x0000013f6353f0a0 WorkerThread "GC Thread#1"                     [id=23696, stack(0x0000002e83700000,0x0000002e83800000) (1024K)]
  0x0000013f6353f440 WorkerThread "GC Thread#2"                     [id=19640, stack(0x0000002e83800000,0x0000002e83900000) (1024K)]
  0x0000013f63f4dce0 WorkerThread "GC Thread#3"                     [id=12112, stack(0x0000002e83900000,0x0000002e83a00000) (1024K)]
  0x0000013f47ccf340 ConcurrentGCThread "G1 Main Marker"            [id=28080, stack(0x0000002e82700000,0x0000002e82800000) (1024K)]
  0x0000013f47cd05e0 WorkerThread "G1 Conc#0"                       [id=15764, stack(0x0000002e82800000,0x0000002e82900000) (1024K)]
  0x0000013f47d2eb00 ConcurrentGCThread "G1 Refine#0"               [id=22304, stack(0x0000002e82900000,0x0000002e82a00000) (1024K)]
  0x0000013f5e9378b0 ConcurrentGCThread "G1 Service"                [id=25068, stack(0x0000002e82a00000,0x0000002e82b00000) (1024K)]
Total: 10

Threads with active compile tasks:
C2 CompilerThread0    10800 3001   !   4       java.net.URL::<init> (543 bytes)
Total: 1

VM state: not at safepoint (normal execution)

VM Mutex/Monitor currently owned by a thread: None

Heap address: 0x0000000080000000, size: 2048 MB, Compressed Oops mode: 32-bit

CDS archive(s) not mapped
Compressed class space mapped at: 0x0000000100000000-0x0000000140000000, reserved size: 1073741824
Narrow klass base: 0x0000000000000000, Narrow klass shift: 3, Narrow klass range: 0x140000000

GC Precious Log:
 CardTable entry size: 512
 Card Set container configuration: InlinePtr #cards 5 size 8 Array Of Cards #cards 12 size 40 Howl #buckets 4 coarsen threshold 1843 Howl Bitmap #cards 512 size 80 coarsen threshold 460 Card regions per heap region 1 cards per card region 2048
 CPUs: 4 total, 4 available
 Memory: 8026M
 Large Page Support: Disabled
 NUMA Support: Disabled
 Compressed Oops: Enabled (32-bit)
 Heap Region Size: 1M
 Heap Min Capacity: 8M
 Heap Initial Capacity: 126M
 Heap Max Capacity: 2G
 Pre-touch: Disabled
 Parallel Workers: 4
 Concurrent Workers: 1
 Concurrent Refinement Workers: 4
 Periodic GC: Disabled

Heap:
 garbage-first heap   total 71680K, used 43789K [0x0000000080000000, 0x0000000100000000)
  region size 1024K, 24 young (24576K), 3 survivors (3072K)
 Metaspace       used 31075K, committed 31744K, reserved 1114112K
  class space    used 4060K, committed 4352K, reserved 1048576K

Heap Regions: E=young(eden), S=young(survivor), O=old, HS=humongous(starts), HC=humongous(continues), CS=collection set, F=free, TAMS=top-at-mark-start, PB=parsable bottom
|   0|0x0000000080000000, 0x0000000080100000, 0x0000000080100000|100%|HS|  |TAMS 0x0000000080000000| PB 0x0000000080000000| Complete 
|   1|0x0000000080100000, 0x0000000080200000, 0x0000000080200000|100%|HC|  |TAMS 0x0000000080100000| PB 0x0000000080100000| Complete 
|   2|0x0000000080200000, 0x0000000080300000, 0x0000000080300000|100%|HC|  |TAMS 0x0000000080200000| PB 0x0000000080200000| Complete 
|   3|0x0000000080300000, 0x0000000080400000, 0x0000000080400000|100%|HC|  |TAMS 0x0000000080300000| PB 0x0000000080300000| Complete 
|   4|0x0000000080400000, 0x0000000080500000, 0x0000000080500000|100%| O|Cm|TAMS 0x0000000080400000| PB 0x0000000080400000| Complete 
|   5|0x0000000080500000, 0x0000000080600000, 0x0000000080600000|100%| O|  |TAMS 0x0000000080500000| PB 0x0000000080500000| Untracked 
|   6|0x0000000080600000, 0x0000000080700000, 0x0000000080700000|100%| O|  |TAMS 0x0000000080600000| PB 0x0000000080600000| Untracked 
|   7|0x0000000080700000, 0x0000000080800000, 0x0000000080800000|100%| O|  |TAMS 0x0000000080700000| PB 0x0000000080700000| Untracked 
|   8|0x0000000080800000, 0x0000000080900000, 0x0000000080900000|100%|HS|  |TAMS 0x0000000080800000| PB 0x0000000080800000| Complete 
|   9|0x0000000080900000, 0x0000000080a00000, 0x0000000080a00000|100%| O|  |TAMS 0x0000000080900000| PB 0x0000000080900000| Untracked 
|  10|0x0000000080a00000, 0x0000000080b00000, 0x0000000080b00000|100%| O|  |TAMS 0x0000000080a00000| PB 0x0000000080a00000| Untracked 
|  11|0x0000000080b00000, 0x0000000080c00000, 0x0000000080c00000|100%| O|  |TAMS 0x0000000080b00000| PB 0x0000000080b00000| Untracked 
|  12|0x0000000080c00000, 0x0000000080d00000, 0x0000000080d00000|100%| O|  |TAMS 0x0000000080c00000| PB 0x0000000080c00000| Untracked 
|  13|0x0000000080d00000, 0x0000000080e00000, 0x0000000080e00000|100%| O|  |TAMS 0x0000000080d00000| PB 0x0000000080d00000| Untracked 
|  14|0x0000000080e00000, 0x0000000080f00000, 0x0000000080f00000|100%| O|  |TAMS 0x0000000080e00000| PB 0x0000000080e00000| Untracked 
|  15|0x0000000080f00000, 0x0000000081000000, 0x0000000081000000|100%| O|  |TAMS 0x0000000080f00000| PB 0x0000000080f00000| Untracked 
|  16|0x0000000081000000, 0x0000000081100000, 0x0000000081100000|100%| O|  |TAMS 0x0000000081000000| PB 0x0000000081000000| Untracked 
|  17|0x0000000081100000, 0x0000000081200000, 0x0000000081200000|100%| O|  |TAMS 0x0000000081100000| PB 0x0000000081100000| Untracked 
|  18|0x0000000081200000, 0x0000000081300000, 0x0000000081300000|100%| O|  |TAMS 0x0000000081200000| PB 0x0000000081200000| Untracked 
|  19|0x0000000081300000, 0x0000000081400000, 0x0000000081400000|100%| O|  |TAMS 0x0000000081300000| PB 0x0000000081300000| Untracked 
|  20|0x0000000081400000, 0x0000000081400000, 0x0000000081500000|  0%| F|  |TAMS 0x0000000081400000| PB 0x0000000081400000| Untracked 
|  21|0x0000000081500000, 0x0000000081500000, 0x0000000081600000|  0%| F|  |TAMS 0x0000000081500000| PB 0x0000000081500000| Untracked 
|  22|0x0000000081600000, 0x0000000081600000, 0x0000000081700000|  0%| F|  |TAMS 0x0000000081600000| PB 0x0000000081600000| Untracked 
|  23|0x0000000081700000, 0x0000000081700000, 0x0000000081800000|  0%| F|  |TAMS 0x0000000081700000| PB 0x0000000081700000| Untracked 
|  24|0x0000000081800000, 0x0000000081800000, 0x0000000081900000|  0%| F|  |TAMS 0x0000000081800000| PB 0x0000000081800000| Untracked 
|  25|0x0000000081900000, 0x00000000819c3660, 0x0000000081a00000| 76%| S|CS|TAMS 0x0000000081900000| PB 0x0000000081900000| Complete 
|  26|0x0000000081a00000, 0x0000000081b00000, 0x0000000081b00000|100%| S|CS|TAMS 0x0000000081a00000| PB 0x0000000081a00000| Complete 
|  27|0x0000000081b00000, 0x0000000081c00000, 0x0000000081c00000|100%| S|CS|TAMS 0x0000000081b00000| PB 0x0000000081b00000| Complete 
|  28|0x0000000081c00000, 0x0000000081c00000, 0x0000000081d00000|  0%| F|  |TAMS 0x0000000081c00000| PB 0x0000000081c00000| Untracked 
|  29|0x0000000081d00000, 0x0000000081d00000, 0x0000000081e00000|  0%| F|  |TAMS 0x0000000081d00000| PB 0x0000000081d00000| Untracked 
|  30|0x0000000081e00000, 0x0000000081e00000, 0x0000000081f00000|  0%| F|  |TAMS 0x0000000081e00000| PB 0x0000000081e00000| Untracked 
|  31|0x0000000081f00000, 0x0000000081f00000, 0x0000000082000000|  0%| F|  |TAMS 0x0000000081f00000| PB 0x0000000081f00000| Untracked 
|  32|0x0000000082000000, 0x0000000082000000, 0x0000000082100000|  0%| F|  |TAMS 0x0000000082000000| PB 0x0000000082000000| Untracked 
|  33|0x0000000082100000, 0x0000000082100000, 0x0000000082200000|  0%| F|  |TAMS 0x0000000082100000| PB 0x0000000082100000| Untracked 
|  34|0x0000000082200000, 0x0000000082200000, 0x0000000082300000|  0%| F|  |TAMS 0x0000000082200000| PB 0x0000000082200000| Untracked 
|  35|0x0000000082300000, 0x0000000082300000, 0x0000000082400000|  0%| F|  |TAMS 0x0000000082300000| PB 0x0000000082300000| Untracked 
|  36|0x0000000082400000, 0x0000000082400000, 0x0000000082500000|  0%| F|  |TAMS 0x0000000082400000| PB 0x0000000082400000| Untracked 
|  37|0x0000000082500000, 0x0000000082500000, 0x0000000082600000|  0%| F|  |TAMS 0x0000000082500000| PB 0x0000000082500000| Untracked 
|  38|0x0000000082600000, 0x0000000082600000, 0x0000000082700000|  0%| F|  |TAMS 0x0000000082600000| PB 0x0000000082600000| Untracked 
|  39|0x0000000082700000, 0x0000000082700000, 0x0000000082800000|  0%| F|  |TAMS 0x0000000082700000| PB 0x0000000082700000| Untracked 
|  40|0x0000000082800000, 0x0000000082800000, 0x0000000082900000|  0%| F|  |TAMS 0x0000000082800000| PB 0x0000000082800000| Untracked 
|  41|0x0000000082900000, 0x0000000082900000, 0x0000000082a00000|  0%| F|  |TAMS 0x0000000082900000| PB 0x0000000082900000| Untracked 
|  42|0x0000000082a00000, 0x0000000082a00000, 0x0000000082b00000|  0%| F|  |TAMS 0x0000000082a00000| PB 0x0000000082a00000| Untracked 
|  43|0x0000000082b00000, 0x0000000082b00000, 0x0000000082c00000|  0%| F|  |TAMS 0x0000000082b00000| PB 0x0000000082b00000| Untracked 
|  44|0x0000000082c00000, 0x0000000082c00000, 0x0000000082d00000|  0%| F|  |TAMS 0x0000000082c00000| PB 0x0000000082c00000| Untracked 
|  45|0x0000000082d00000, 0x0000000082d00000, 0x0000000082e00000|  0%| F|  |TAMS 0x0000000082d00000| PB 0x0000000082d00000| Untracked 
|  46|0x0000000082e00000, 0x0000000082e00000, 0x0000000082f00000|  0%| F|  |TAMS 0x0000000082e00000| PB 0x0000000082e00000| Untracked 
|  47|0x0000000082f00000, 0x0000000082f00000, 0x0000000083000000|  0%| F|  |TAMS 0x0000000082f00000| PB 0x0000000082f00000| Untracked 
|  48|0x0000000083000000, 0x0000000083000000, 0x0000000083100000|  0%| F|  |TAMS 0x0000000083000000| PB 0x0000000083000000| Untracked 
|  49|0x0000000083100000, 0x0000000083179208, 0x0000000083200000| 47%| E|  |TAMS 0x0000000083100000| PB 0x0000000083100000| Complete 
|  50|0x0000000083200000, 0x0000000083300000, 0x0000000083300000|100%| E|CS|TAMS 0x0000000083200000| PB 0x0000000083200000| Complete 
|  51|0x0000000083300000, 0x0000000083400000, 0x0000000083400000|100%| E|CS|TAMS 0x0000000083300000| PB 0x0000000083300000| Complete 
|  52|0x0000000083400000, 0x0000000083500000, 0x0000000083500000|100%| E|CS|TAMS 0x0000000083400000| PB 0x0000000083400000| Complete 
|  53|0x0000000083500000, 0x0000000083600000, 0x0000000083600000|100%| E|CS|TAMS 0x0000000083500000| PB 0x0000000083500000| Complete 
|  54|0x0000000083600000, 0x0000000083700000, 0x0000000083700000|100%| E|CS|TAMS 0x0000000083600000| PB 0x0000000083600000| Complete 
|  55|0x0000000083700000, 0x0000000083800000, 0x0000000083800000|100%| E|CS|TAMS 0x0000000083700000| PB 0x0000000083700000| Complete 
|  56|0x0000000083800000, 0x0000000083900000, 0x0000000083900000|100%| E|CS|TAMS 0x0000000083800000| PB 0x0000000083800000| Complete 
|  57|0x0000000083900000, 0x0000000083a00000, 0x0000000083a00000|100%| E|CS|TAMS 0x0000000083900000| PB 0x0000000083900000| Complete 
|  58|0x0000000083a00000, 0x0000000083b00000, 0x0000000083b00000|100%| E|CS|TAMS 0x0000000083a00000| PB 0x0000000083a00000| Complete 
|  59|0x0000000083b00000, 0x0000000083c00000, 0x0000000083c00000|100%| E|CS|TAMS 0x0000000083b00000| PB 0x0000000083b00000| Complete 
|  60|0x0000000083c00000, 0x0000000083d00000, 0x0000000083d00000|100%| E|CS|TAMS 0x0000000083c00000| PB 0x0000000083c00000| Complete 
|  61|0x0000000083d00000, 0x0000000083e00000, 0x0000000083e00000|100%| E|CS|TAMS 0x0000000083d00000| PB 0x0000000083d00000| Complete 
|  62|0x0000000083e00000, 0x0000000083f00000, 0x0000000083f00000|100%| E|CS|TAMS 0x0000000083e00000| PB 0x0000000083e00000| Complete 
|  63|0x0000000083f00000, 0x0000000084000000, 0x0000000084000000|100%| E|CS|TAMS 0x0000000083f00000| PB 0x0000000083f00000| Complete 
|  64|0x0000000084000000, 0x0000000084100000, 0x0000000084100000|100%| E|CS|TAMS 0x0000000084000000| PB 0x0000000084000000| Complete 
|  65|0x0000000084100000, 0x0000000084200000, 0x0000000084200000|100%| E|CS|TAMS 0x0000000084100000| PB 0x0000000084100000| Complete 
|  66|0x0000000084200000, 0x0000000084300000, 0x0000000084300000|100%| E|CS|TAMS 0x0000000084200000| PB 0x0000000084200000| Complete 
|  67|0x0000000084300000, 0x0000000084400000, 0x0000000084400000|100%| E|CS|TAMS 0x0000000084300000| PB 0x0000000084300000| Complete 
|  68|0x0000000084400000, 0x0000000084500000, 0x0000000084500000|100%| E|CS|TAMS 0x0000000084400000| PB 0x0000000084400000| Complete 
| 117|0x0000000087500000, 0x0000000087600000, 0x0000000087600000|100%| E|CS|TAMS 0x0000000087500000| PB 0x0000000087500000| Complete 

Card table byte_map: [0x0000013f5a1b0000,0x0000013f5a5b0000] _byte_map_base: 0x0000013f59db0000

Marking Bits: (CMBitMap*) 0x0000013f47cbe8f0
 Bits: [0x0000013f5a5b0000, 0x0000013f5c5b0000)

Polling page: 0x0000013f45c20000

Metaspace:

Usage:
  Non-class:     26.39 MB used.
      Class:      3.97 MB used.
       Both:     30.36 MB used.

Virtual space:
  Non-class space:       64.00 MB reserved,      26.75 MB ( 42%) committed,  1 nodes.
      Class space:        1.00 GB reserved,       4.25 MB ( <1%) committed,  1 nodes.
             Both:        1.06 GB reserved,      31.00 MB (  3%) committed. 

Chunk freelists:
   Non-Class:  4.45 MB
       Class:  11.75 MB
        Both:  16.21 MB

MaxMetaspaceSize: unlimited
CompressedClassSpaceSize: 1.00 GB
Initial GC threshold: 21.00 MB
Current GC threshold: 35.12 MB
CDS: off
 - commit_granule_bytes: 65536.
 - commit_granule_words: 8192.
 - virtual_space_node_default_size: 8388608.
 - enlarge_chunks_in_place: 1.
 - use_allocation_guard: 0.


Internal statistics:

num_allocs_failed_limit: 3.
num_arena_births: 974.
num_arena_deaths: 0.
num_vsnodes_births: 2.
num_vsnodes_deaths: 0.
num_space_committed: 496.
num_space_uncommitted: 0.
num_chunks_returned_to_freelist: 3.
num_chunks_taken_from_freelist: 1842.
num_chunk_merges: 3.
num_chunk_splits: 1199.
num_chunks_enlarged: 801.
num_inconsistent_stats: 0.

CodeHeap 'non-profiled nmethods': size=120000Kb used=1580Kb max_used=1580Kb free=118419Kb
 bounds [0x0000013f52880000, 0x0000013f52af0000, 0x0000013f59db0000]
CodeHeap 'profiled nmethods': size=120000Kb used=6199Kb max_used=6199Kb free=113800Kb
 bounds [0x0000013f4adb0000, 0x0000013f4b3c0000, 0x0000013f522e0000]
CodeHeap 'non-nmethods': size=5760Kb used=1472Kb max_used=1538Kb free=4287Kb
 bounds [0x0000013f522e0000, 0x0000013f52550000, 0x0000013f52880000]
 total_blobs=3600 nmethods=3027 adapters=477
 compilation: enabled
              stopped_count=0, restarted_count=0
 full_count=0

Compilation events (20 events):
Event: 10.708 Thread 0x0000013f6306f7b0 3006       3       org.objectweb.asm.Type::getTypeInternal (203 bytes)
Event: 10.709 Thread 0x0000013f6306f7b0 nmethod 3006 0x0000013f4b3a3390 code [0x0000013f4b3a36e0, 0x0000013f4b3a4998]
Event: 10.709 Thread 0x0000013f6306f7b0 3007       3       org.objectweb.asm.SymbolTable::hash (15 bytes)
Event: 10.710 Thread 0x0000013f6306f7b0 nmethod 3007 0x0000013f4b3a5010 code [0x0000013f4b3a51c0, 0x0000013f4b3a5340]
Event: 10.710 Thread 0x0000013f6306f7b0 3008       3       jdk.internal.reflect.MethodHandleAccessorFactory::slotCount (75 bytes)
Event: 10.710 Thread 0x0000013f6306f7b0 nmethod 3008 0x0000013f4b3a5490 code [0x0000013f4b3a5680, 0x0000013f4b3a5b40]
Event: 10.710 Thread 0x0000013f6306f7b0 3010       3       java.lang.invoke.InnerClassLambdaMetafactory::<init> (258 bytes)
Event: 10.712 Thread 0x0000013f6306f7b0 nmethod 3010 0x0000013f4b3a5d10 code [0x0000013f4b3a6140, 0x0000013f4b3a7f40]
Event: 10.712 Thread 0x0000013f6306f7b0 3009       3       java.lang.invoke.BootstrapMethodInvoker::isLambdaMetafactoryIndyBSM (13 bytes)
Event: 10.712 Thread 0x0000013f6306f7b0 nmethod 3009 0x0000013f4b3a8a90 code [0x0000013f4b3a8c20, 0x0000013f4b3a8d70]
Event: 10.712 Thread 0x0000013f6306f7b0 3011       3       java.lang.invoke.InnerClassLambdaMetafactory::lambdaClassName (48 bytes)
Event: 10.713 Thread 0x0000013f6306f7b0 nmethod 3011 0x0000013f4b3a8e10 code [0x0000013f4b3a9060, 0x0000013f4b3a9718]
Event: 10.714 Thread 0x0000013f6306f7b0 3012       3       java.lang.invoke.DirectMethodHandle$Holder::invokeStatic (24 bytes)
Event: 10.714 Thread 0x0000013f6306f7b0 nmethod 3012 0x0000013f4b3a9a10 code [0x0000013f4b3a9be0, 0x0000013f4b3aa108]
Event: 10.715 Thread 0x0000013f6306f7b0 3013       1       java.util.ImmutableCollections$List12::isEmpty (2 bytes)
Event: 10.715 Thread 0x0000013f6306f7b0 nmethod 3013 0x0000013f52a0aa90 code [0x0000013f52a0ac20, 0x0000013f52a0ace8]
Event: 10.716 Thread 0x0000013f6306f7b0 3015       3       java.lang.ClassLoader::getParent (32 bytes)
Event: 10.716 Thread 0x0000013f6306f7b0 nmethod 3015 0x0000013f4b3aa290 code [0x0000013f4b3aa440, 0x0000013f4b3aa6a0]
Event: 10.716 Thread 0x0000013f6306f7b0 3016       3       java.lang.invoke.LambdaForm$Name::cloneWithIndex (47 bytes)
Event: 10.717 Thread 0x0000013f6306f7b0 nmethod 3016 0x0000013f4b3aa790 code [0x0000013f4b3aa980, 0x0000013f4b3aaec0]

GC Heap History (10 events):
Event: 0.814 GC heap before
{Heap before GC invocations=0 (full 0):
 garbage-first heap   total 129024K, used 13312K [0x0000000080000000, 0x0000000100000000)
  region size 1024K, 13 young (13312K), 0 survivors (0K)
 Metaspace       used 7345K, committed 7424K, reserved 1114112K
  class space    used 668K, committed 704K, reserved 1048576K
}
Event: 0.819 GC heap after
{Heap after GC invocations=1 (full 0):
 garbage-first heap   total 129024K, used 1279K [0x0000000080000000, 0x0000000100000000)
  region size 1024K, 2 young (2048K), 2 survivors (2048K)
 Metaspace       used 7345K, committed 7424K, reserved 1114112K
  class space    used 668K, committed 704K, reserved 1048576K
}
Event: 4.113 GC heap before
{Heap before GC invocations=1 (full 0):
 garbage-first heap   total 129024K, used 29951K [0x0000000080000000, 0x0000000100000000)
  region size 1024K, 27 young (27648K), 2 survivors (2048K)
 Metaspace       used 12023K, committed 12224K, reserved 1114112K
  class space    used 1278K, committed 1408K, reserved 1048576K
}
Event: 4.118 GC heap after
{Heap after GC invocations=2 (full 0):
 garbage-first heap   total 129024K, used 11995K [0x0000000080000000, 0x0000000100000000)
  region size 1024K, 4 young (4096K), 4 survivors (4096K)
 Metaspace       used 12023K, committed 12224K, reserved 1114112K
  class space    used 1278K, committed 1408K, reserved 1048576K
}
Event: 7.581 GC heap before
{Heap before GC invocations=2 (full 0):
 garbage-first heap   total 129024K, used 85723K [0x0000000080000000, 0x0000000100000000)
  region size 1024K, 75 young (76800K), 4 survivors (4096K)
 Metaspace       used 19922K, committed 20288K, reserved 1114112K
  class space    used 2264K, committed 2432K, reserved 1048576K
}
Event: 7.595 GC heap after
{Heap after GC invocations=3 (full 0):
 garbage-first heap   total 129024K, used 20398K [0x0000000080000000, 0x0000000100000000)
  region size 1024K, 10 young (10240K), 10 survivors (10240K)
 Metaspace       used 19922K, committed 20288K, reserved 1114112K
  class space    used 2264K, committed 2432K, reserved 1048576K
}
Event: 7.871 GC heap before
{Heap before GC invocations=3 (full 0):
 garbage-first heap   total 129024K, used 27566K [0x0000000080000000, 0x0000000100000000)
  region size 1024K, 18 young (18432K), 10 survivors (10240K)
 Metaspace       used 21219K, committed 21504K, reserved 1114112K
  class space    used 2463K, committed 2624K, reserved 1048576K
}
Event: 7.882 GC heap after
{Heap after GC invocations=4 (full 0):
 garbage-first heap   total 129024K, used 21504K [0x0000000080000000, 0x0000000100000000)
  region size 1024K, 1 young (1024K), 1 survivors (1024K)
 Metaspace       used 21219K, committed 21504K, reserved 1114112K
  class space    used 2463K, committed 2624K, reserved 1048576K
}
Event: 9.904 GC heap before
{Heap before GC invocations=5 (full 0):
 garbage-first heap   total 71680K, used 62464K [0x0000000080000000, 0x0000000100000000)
  region size 1024K, 42 young (43008K), 1 survivors (1024K)
 Metaspace       used 28226K, committed 28800K, reserved 1114112K
  class space    used 3586K, committed 3840K, reserved 1048576K
}
Event: 9.913 GC heap after
{Heap after GC invocations=6 (full 0):
 garbage-first heap   total 71680K, used 23309K [0x0000000080000000, 0x0000000100000000)
  region size 1024K, 3 young (3072K), 3 survivors (3072K)
 Metaspace       used 28226K, committed 28800K, reserved 1114112K
  class space    used 3586K, committed 3840K, reserved 1048576K
}

Dll operation events (3 events):
Event: 0.037 Loaded shared library C:\Program Files\Android\Android Studio\jbr\bin\java.dll
Event: 0.046 Loaded shared library C:\Program Files\Android\Android Studio\jbr\bin\zip.dll
Event: 2.131 Loaded shared library C:\Program Files\Android\Android Studio\jbr\bin\verify.dll

Deoptimization events (20 events):
Event: 8.907 Thread 0x0000013f64b53a00 DEOPT PACKING pc=0x0000013f528a6e14 sp=0x0000002e840fc6b0
Event: 8.907 Thread 0x0000013f64b53a00 DEOPT UNPACKING pc=0x0000013f523346a2 sp=0x0000002e840fc5f0 mode 2
Event: 9.045 Thread 0x0000013f64b53a00 Uncommon trap: trap_request=0xffffffcc fr.pc=0x0000013f529c7934 relative=0x0000000000000374
Event: 9.045 Thread 0x0000013f64b53a00 Uncommon trap: reason=intrinsic_or_type_checked_inlining action=make_not_entrant pc=0x0000013f529c7934 method=java.util.Arrays.copyOf([Ljava/lang/Object;ILjava/lang/Class;)[Ljava/lang/Object; @ 35 c2
Event: 9.045 Thread 0x0000013f64b53a00 DEOPT PACKING pc=0x0000013f529c7934 sp=0x0000002e840fcbf0
Event: 9.045 Thread 0x0000013f64b53a00 DEOPT UNPACKING pc=0x0000013f523346a2 sp=0x0000002e840fcb98 mode 2
Event: 9.808 Thread 0x0000013f64b53a00 DEOPT PACKING pc=0x0000013f4ae97cdf sp=0x0000002e840fb170
Event: 9.808 Thread 0x0000013f64b53a00 DEOPT UNPACKING pc=0x0000013f52334e42 sp=0x0000002e840fa608 mode 0
Event: 10.595 Thread 0x0000013f64b53a00 Uncommon trap: trap_request=0xffffff45 fr.pc=0x0000013f52a05ad0 relative=0x0000000000000130
Event: 10.595 Thread 0x0000013f64b53a00 Uncommon trap: reason=unstable_if action=reinterpret pc=0x0000013f52a05ad0 method=java.util.Arrays.equals([Ljava/lang/Object;[Ljava/lang/Object;)Z @ 44 c2
Event: 10.595 Thread 0x0000013f64b53a00 DEOPT PACKING pc=0x0000013f52a05ad0 sp=0x0000002e840fb6b0
Event: 10.595 Thread 0x0000013f64b53a00 DEOPT UNPACKING pc=0x0000013f523346a2 sp=0x0000002e840fb650 mode 2
Event: 10.595 Thread 0x0000013f64b53a00 Uncommon trap: trap_request=0xffffff45 fr.pc=0x0000013f52a061c8 relative=0x00000000000002e8
Event: 10.595 Thread 0x0000013f64b53a00 Uncommon trap: reason=unstable_if action=reinterpret pc=0x0000013f52a061c8 method=java.util.HashMap.getNode(Ljava/lang/Object;)Ljava/util/HashMap$Node; @ 131 c2
Event: 10.595 Thread 0x0000013f64b53a00 DEOPT PACKING pc=0x0000013f52a061c8 sp=0x0000002e840fb770
Event: 10.595 Thread 0x0000013f64b53a00 DEOPT UNPACKING pc=0x0000013f523346a2 sp=0x0000002e840fb6e0 mode 2
Event: 10.595 Thread 0x0000013f64b53a00 Uncommon trap: trap_request=0xffffff45 fr.pc=0x0000013f529a76d4 relative=0x00000000000007b4
Event: 10.595 Thread 0x0000013f64b53a00 Uncommon trap: reason=unstable_if action=reinterpret pc=0x0000013f529a76d4 method=java.util.HashMap.putVal(ILjava/lang/Object;Ljava/lang/Object;ZZ)Ljava/lang/Object; @ 206 c2
Event: 10.595 Thread 0x0000013f64b53a00 DEOPT PACKING pc=0x0000013f529a76d4 sp=0x0000002e840fb6e0
Event: 10.595 Thread 0x0000013f64b53a00 DEOPT UNPACKING pc=0x0000013f523346a2 sp=0x0000002e840fb668 mode 2

Classes loaded (20 events):
Event: 10.107 Loading class java/io/ObjectInputStream
Event: 10.108 Loading class java/io/ObjectInput
Event: 10.109 Loading class java/io/ObjectInput done
Event: 10.109 Loading class java/io/ObjectStreamConstants
Event: 10.109 Loading class java/io/ObjectStreamConstants done
Event: 10.109 Loading class java/io/ObjectInputStream done
Event: 10.110 Loading class java/io/ObjectOutputStream
Event: 10.110 Loading class java/io/ObjectOutput
Event: 10.110 Loading class java/io/ObjectOutput done
Event: 10.111 Loading class java/io/ObjectOutputStream done
Event: 10.511 Loading class javax/xml/parsers/ParserConfigurationException
Event: 10.512 Loading class javax/xml/parsers/ParserConfigurationException done
Event: 10.513 Loading class org/xml/sax/SAXException
Event: 10.513 Loading class org/xml/sax/SAXException done
Event: 10.513 Loading class javax/xml/xpath/XPathExpressionException
Event: 10.514 Loading class javax/xml/xpath/XPathException
Event: 10.514 Loading class javax/xml/xpath/XPathException done
Event: 10.514 Loading class javax/xml/xpath/XPathExpressionException done
Event: 10.514 Loading class org/xml/sax/ErrorHandler
Event: 10.515 Loading class org/xml/sax/ErrorHandler done

Classes unloaded (0 events):
No events

Classes redefined (0 events):
No events

Internal exceptions (20 events):
Event: 9.042 Thread 0x0000013f64b53a00 Exception <a 'java/lang/NoSuchMethodError'{0x00000000829de778}: 'java.lang.Object java.lang.invoke.DirectMethodHandle$Holder.invokeStatic(java.lang.Object, java.lang.Object, java.lang.Object, java.lang.Object, java.lang.Object, java.lang.Object, java.lang.Object, java.lang.Object, java.lang.Object, java.lang.Object, java.lang.Object, java.lang.Object, java.lang.Object, java.lang.Object, java.lang.Object, java.lang.Object, java.lang.Object, java.lang.Object)'> (0x00000000829de778) 
thrown [s\src\hotspot\sha
Event: 9.045 Thread 0x0000013f64b53a00 Exception <a 'java/lang/NoSuchMethodError'{0x00000000828086d0}: 'java.lang.Object java.lang.invoke.DirectMethodHandle$Holder.invokeStatic(java.lang.Object, java.lang.Object, java.lang.Object, java.lang.Object, java.lang.Object, java.lang.Object, java.lang.Object, java.lang.Object, java.lang.Object, java.lang.Object, java.lang.Object, java.lang.Object, java.lang.Object, java.lang.Object, java.lang.Object, java.lang.Object, java.lang.Object, java.lang.Object, java.lang.Object)'> (0x00000000828086d0) 
thrown 
Event: 9.057 Thread 0x0000013f64b53a00 Exception <a 'java/lang/NoSuchMethodError'{0x00000000828335e8}: 'java.lang.Object java.lang.invoke.DirectMethodHandle$Holder.invokeStatic(java.lang.Object, java.lang.Object, java.lang.Object, java.lang.Object, java.lang.Object, java.lang.Object, java.lang.Object, java.lang.Object, java.lang.Object, java.lang.Object, java.lang.Object, java.lang.Object, java.lang.Object, java.lang.Object, java.lang.Object, java.lang.Object, java.lang.Object, java.lang.Object, java.lang.Object, java.lang.Object)'> (0x00000000
Event: 9.069 Thread 0x0000013f64b53a00 Exception <a 'java/lang/NoSuchMethodError'{0x000000008285fb90}: 'java.lang.Object java.lang.invoke.DirectMethodHandle$Holder.invokeStatic(java.lang.Object, java.lang.Object, java.lang.Object, java.lang.Object, java.lang.Object, java.lang.Object, java.lang.Object, java.lang.Object, java.lang.Object, java.lang.Object, java.lang.Object, java.lang.Object, java.lang.Object, java.lang.Object, java.lang.Object, java.lang.Object, java.lang.Object, java.lang.Object, java.lang.Object, java.lang.Object, java.lang.Obj
Event: 9.076 Thread 0x0000013f64b53a00 Exception <a 'java/lang/NoSuchMethodError'{0x000000008288d720}: 'java.lang.Object java.lang.invoke.DirectMethodHandle$Holder.invokeStatic(java.lang.Object, java.lang.Object, java.lang.Object, java.lang.Object, java.lang.Object, java.lang.Object, java.lang.Object, java.lang.Object, java.lang.Object, java.lang.Object, java.lang.Object, java.lang.Object, java.lang.Object, java.lang.Object, java.lang.Object, java.lang.Object, java.lang.Object, java.lang.Object, java.lang.Object, java.lang.Object, java.lang.Obj
Event: 9.083 Thread 0x0000013f64b53a00 Exception <a 'java/lang/NoSuchMethodError'{0x00000000828bb5b0}: 'java.lang.Object java.lang.invoke.DirectMethodHandle$Holder.invokeStatic(java.lang.Object, java.lang.Object, java.lang.Object, java.lang.Object, java.lang.Object, java.lang.Object, java.lang.Object, java.lang.Object, java.lang.Object, java.lang.Object, java.lang.Object, java.lang.Object, java.lang.Object, java.lang.Object, java.lang.Object, java.lang.Object, java.lang.Object, java.lang.Object, java.lang.Object, java.lang.Object, java.lang.Obj
Event: 9.085 Thread 0x0000013f64b53a00 Exception <a 'java/lang/NoSuchMethodError'{0x00000000828ea418}: 'java.lang.Object java.lang.invoke.DirectMethodHandle$Holder.invokeStatic(java.lang.Object, java.lang.Object, java.lang.Object, java.lang.Object, java.lang.Object, java.lang.Object, java.lang.Object, java.lang.Object, java.lang.Object, java.lang.Object, java.lang.Object, java.lang.Object, java.lang.Object, java.lang.Object, java.lang.Object, java.lang.Object, java.lang.Object, java.lang.Object, java.lang.Object, java.lang.Object, java.lang.Obj
Event: 9.094 Thread 0x0000013f64b53a00 Exception <a 'java/lang/NoSuchMethodError'{0x000000008271a028}: 'java.lang.Object java.lang.invoke.DirectMethodHandle$Holder.invokeStatic(java.lang.Object, java.lang.Object, java.lang.Object, java.lang.Object, java.lang.Object, java.lang.Object, java.lang.Object, java.lang.Object, java.lang.Object, java.lang.Object, java.lang.Object, java.lang.Object, java.lang.Object, java.lang.Object, java.lang.Object, java.lang.Object, java.lang.Object, java.lang.Object, java.lang.Object, java.lang.Object, java.lang.Obj
Event: 9.098 Thread 0x0000013f64b53a00 Exception <a 'java/lang/NoSuchMethodError'{0x000000008274b388}: 'java.lang.Object java.lang.invoke.DirectMethodHandle$Holder.invokeStatic(java.lang.Object, java.lang.Object, java.lang.Object, java.lang.Object, java.lang.Object, java.lang.Object, java.lang.Object, java.lang.Object, java.lang.Object, java.lang.Object, java.lang.Object, java.lang.Object, java.lang.Object, java.lang.Object, java.lang.Object, java.lang.Object, java.lang.Object, java.lang.Object, java.lang.Object, java.lang.Object, java.lang.Obj
Event: 9.131 Thread 0x0000013f64b53a00 Exception <a 'java/lang/IncompatibleClassChangeError'{0x0000000082641808}: Found class java.lang.Object, but interface was expected> (0x0000000082641808) 
thrown [s\src\hotspot\share\interpreter\linkResolver.cpp, line 851]
Event: 9.800 Thread 0x0000013f64b53a00 Exception <a 'java/lang/IncompatibleClassChangeError'{0x0000000081c48900}: Found class java.lang.Object, but interface was expected> (0x0000000081c48900) 
thrown [s\src\hotspot\share\interpreter\linkResolver.cpp, line 851]
Event: 9.811 Thread 0x0000013f64b53a00 Exception <a 'java/lang/NoSuchMethodError'{0x0000000081c79778}: 'java.lang.Object java.lang.invoke.DirectMethodHandle$Holder.newInvokeSpecial(java.lang.Object, java.lang.Object, java.lang.Object, java.lang.Object, java.lang.Object, java.lang.Object, java.lang.Object, java.lang.Object, java.lang.Object, java.lang.Object, java.lang.Object, java.lang.Object, java.lang.Object)'> (0x0000000081c79778) 
thrown [s\src\hotspot\share\interpreter\linkResolver.cpp, line 784]
Event: 9.813 Thread 0x0000013f64b53a00 Exception <a 'java/lang/NoSuchMethodError'{0x0000000081c7ec28}: 'java.lang.Object java.lang.invoke.DirectMethodHandle$Holder.invokeSpecial(java.lang.Object, java.lang.Object, java.lang.Object, java.lang.Object, java.lang.Object, java.lang.Object, java.lang.Object, java.lang.Object, java.lang.Object, java.lang.Object, java.lang.Object, java.lang.Object, java.lang.Object, java.lang.Object)'> (0x0000000081c7ec28) 
thrown [s\src\hotspot\share\interpreter\linkResolver.cpp, line 784]
Event: 9.814 Thread 0x0000013f64b53a00 Exception <a 'java/lang/NoSuchMethodError'{0x0000000081c83408}: 'java.lang.Object java.lang.invoke.DelegatingMethodHandle$Holder.reinvoke_L(java.lang.Object, java.lang.Object, java.lang.Object, java.lang.Object, java.lang.Object, java.lang.Object, java.lang.Object, java.lang.Object, java.lang.Object, java.lang.Object, java.lang.Object, java.lang.Object, java.lang.Object)'> (0x0000000081c83408) 
thrown [s\src\hotspot\share\interpreter\linkResolver.cpp, line 784]
Event: 10.126 Thread 0x0000013f64b53a00 Exception <a 'java/lang/NoSuchMethodError'{0x000000008442d270}: 'java.lang.Object java.lang.invoke.DirectMethodHandle$Holder.newInvokeSpecial(java.lang.Object, java.lang.Object, java.lang.Object, java.lang.Object, java.lang.Object, java.lang.Object, java.lang.Object, java.lang.Object)'> (0x000000008442d270) 
thrown [s\src\hotspot\share\interpreter\linkResolver.cpp, line 784]
Event: 10.156 Thread 0x0000013f64b53a00 Exception <a 'java/lang/NoSuchMethodError'{0x00000000844760f8}: 'int java.lang.invoke.DirectMethodHandle$Holder.invokeStaticInit(java.lang.Object, java.lang.Object, java.lang.Object)'> (0x00000000844760f8) 
thrown [s\src\hotspot\share\interpreter\linkResolver.cpp, line 784]
Event: 10.351 Thread 0x0000013f64b53a00 Exception <a 'java/lang/NoSuchMethodError'{0x0000000083fb68d8}: 'java.lang.Object java.lang.invoke.DirectMethodHandle$Holder.invokeVirtual(java.lang.Object, java.lang.Object, java.lang.Object, java.lang.Object, java.lang.Object, java.lang.Object, java.lang.Object, java.lang.Object, java.lang.Object, java.lang.Object, java.lang.Object, java.lang.Object, java.lang.Object, java.lang.Object, java.lang.Object, java.lang.Object, java.lang.Object, java.lang.Object, java.lang.Object, java.lang.Object, java.lang.Ob
Event: 10.361 Thread 0x0000013f64b53a00 Exception <a 'java/lang/NoSuchMethodError'{0x0000000083e2c390}: 'java.lang.Object java.lang.invoke.DirectMethodHandle$Holder.invokeSpecial(java.lang.Object, java.lang.Object, java.lang.Object, java.lang.Object, java.lang.Object, java.lang.Object, java.lang.Object, java.lang.Object, java.lang.Object, java.lang.Object, java.lang.Object, java.lang.Object, java.lang.Object, java.lang.Object, java.lang.Object, java.lang.Object, java.lang.Object, java.lang.Object, java.lang.Object, java.lang.Object, java.lang.Ob
Event: 10.619 Thread 0x0000013f64b53a00 Exception <a 'java/lang/NoSuchMethodError'{0x0000000083647b48}: 'java.lang.Object java.lang.invoke.DirectMethodHandle$Holder.newInvokeSpecial(java.lang.Object, java.lang.Object, java.lang.Object, java.lang.Object, java.lang.Object, java.lang.Object, java.lang.Object)'> (0x0000000083647b48) 
thrown [s\src\hotspot\share\interpreter\linkResolver.cpp, line 784]
Event: 10.677 Thread 0x0000013f64b53a00 Exception <a 'java/lang/NoSuchMethodError'{0x0000000083414000}: 'java.lang.Object java.lang.invoke.DirectMethodHandle$Holder.invokeVirtual(java.lang.Object, java.lang.Object, java.lang.Object, java.lang.Object, java.lang.Object, java.lang.Object, java.lang.Object, java.lang.Object, java.lang.Object, java.lang.Object, java.lang.Object)'> (0x0000000083414000) 
thrown [s\src\hotspot\share\interpreter\linkResolver.cpp, line 784]

ZGC Phase Switch (0 events):
No events

VM Operations (20 events):
Event: 7.581 Executing VM operation: G1CollectForAllocation (G1 Evacuation Pause)
Event: 7.595 Executing VM operation: G1CollectForAllocation (G1 Evacuation Pause) done
Event: 7.871 Executing VM operation: CollectForMetadataAllocation (Metadata GC Threshold)
Event: 7.882 Executing VM operation: CollectForMetadataAllocation (Metadata GC Threshold) done
Event: 7.895 Executing VM operation: G1PauseRemark
Event: 7.897 Executing VM operation: G1PauseRemark done
Event: 7.902 Executing VM operation: G1PauseCleanup
Event: 7.903 Executing VM operation: G1PauseCleanup done
Event: 8.280 Executing VM operation: HandshakeAllThreads (Deoptimize)
Event: 8.280 Executing VM operation: HandshakeAllThreads (Deoptimize) done
Event: 8.563 Executing VM operation: HandshakeAllThreads (Deoptimize)
Event: 8.563 Executing VM operation: HandshakeAllThreads (Deoptimize) done
Event: 9.108 Executing VM operation: HandshakeAllThreads (Deoptimize)
Event: 9.108 Executing VM operation: HandshakeAllThreads (Deoptimize) done
Event: 9.108 Executing VM operation: Cleanup
Event: 9.108 Executing VM operation: Cleanup done
Event: 9.109 Executing VM operation: HandshakeAllThreads (Deoptimize)
Event: 9.109 Executing VM operation: HandshakeAllThreads (Deoptimize) done
Event: 9.904 Executing VM operation: G1CollectForAllocation (G1 Evacuation Pause)
Event: 9.913 Executing VM operation: G1CollectForAllocation (G1 Evacuation Pause) done

Events (20 events):
Event: 0.882 Loaded shared library C:\Program Files\Android\Android Studio\jbr\bin\jimage.dll
Event: 1.249 Thread 0x0000013f6358f3a0 Thread exited: 0x0000013f6358f3a0
Event: 3.083 Loaded shared library C:\Users\muzif\.gradle\native\c067742578af261105cb4f569cf0c3c89f3d7b1fecec35dd04571415982c5e48\windows-amd64\native-platform.dll
Event: 3.134 Loaded shared library C:\Users\muzif\.gradle\native\100fb08df4bc3b14c8652ba06237920a3bd2aa13389f12d3474272988ae205f9\windows-amd64\native-platform-file-events.dll
Event: 6.266 Loaded shared library C:\Program Files\Android\Android Studio\jbr\bin\management.dll
Event: 6.278 Loaded shared library C:\Program Files\Android\Android Studio\jbr\bin\management_ext.dll
Event: 6.361 Thread 0x0000013f63705a10 Thread added: 0x0000013f63705a10
Event: 7.044 Loaded shared library C:\Program Files\Android\Android Studio\jbr\bin\extnet.dll
Event: 7.120 Thread 0x0000013f6499aad0 Thread added: 0x0000013f6499aad0
Event: 7.334 Thread 0x0000013f631f5060 Thread added: 0x0000013f631f5060
Event: 7.578 Thread 0x0000013f6320dd70 Thread added: 0x0000013f6320dd70
Event: 7.610 Thread 0x0000013f633560e0 Thread added: 0x0000013f633560e0
Event: 7.708 Thread 0x0000013f641fefe0 Thread added: 0x0000013f641fefe0
Event: 7.733 Thread 0x0000013f64b53a00 Thread added: 0x0000013f64b53a00
Event: 7.754 Thread 0x0000013f648982e0 Thread added: 0x0000013f648982e0
Event: 7.760 Thread 0x0000013f6489aa40 Thread added: 0x0000013f6489aa40
Event: 7.766 Thread 0x0000013f6489b0d0 Thread added: 0x0000013f6489b0d0
Event: 8.564 Thread 0x0000013f64899d20 Thread added: 0x0000013f64899d20
Event: 8.586 Thread 0x0000013f6489a3b0 Thread added: 0x0000013f6489a3b0
Event: 8.658 Thread 0x0000013f6489b760 Thread added: 0x0000013f6489b760


Dynamic libraries:
0x00007ff7dc590000 - 0x00007ff7dc59a000 	C:\Program Files\Android\Android Studio\jbr\bin\java.exe
0x00007ffcbf770000 - 0x00007ffcbf987000 	C:\Windows\SYSTEM32\ntdll.dll
0x00007ffcbd500000 - 0x00007ffcbd5c4000 	C:\Windows\System32\KERNEL32.DLL
0x00007ffcbcfc0000 - 0x00007ffcbd377000 	C:\Windows\System32\KERNELBASE.dll
0x00007ffcbccb0000 - 0x00007ffcbcdc1000 	C:\Windows\System32\ucrtbase.dll
0x00007ffca9960000 - 0x00007ffca9978000 	C:\Program Files\Android\Android Studio\jbr\bin\jli.dll
0x00007ffcbf400000 - 0x00007ffcbf5af000 	C:\Windows\System32\USER32.dll
0x00007ffcbcf60000 - 0x00007ffcbcf86000 	C:\Windows\System32\win32u.dll
0x00007ffcbdfd0000 - 0x00007ffcbdff9000 	C:\Windows\System32\GDI32.dll
0x00007ffcb9b70000 - 0x00007ffcb9b8b000 	C:\Program Files\Android\Android Studio\jbr\bin\VCRUNTIME140.dll
0x00007ffcbd380000 - 0x00007ffcbd498000 	C:\Windows\System32\gdi32full.dll
0x00007ffcbce40000 - 0x00007ffcbceda000 	C:\Windows\System32\msvcp_win.dll
0x00007ffcaa230000 - 0x00007ffcaa4c3000 	C:\Windows\WinSxS\amd64_microsoft.windows.common-controls_6595b64144ccf1df_6.0.22621.3672_none_2713b9d173822955\COMCTL32.dll
0x00007ffcbe010000 - 0x00007ffcbe0b7000 	C:\Windows\System32\msvcrt.dll
0x00007ffcbda50000 - 0x00007ffcbda81000 	C:\Windows\System32\IMM32.DLL
0x00007ffcb8260000 - 0x00007ffcb826c000 	C:\Program Files\Android\Android Studio\jbr\bin\vcruntime140_1.dll
0x00007ffc81c80000 - 0x00007ffc81d0d000 	C:\Program Files\Android\Android Studio\jbr\bin\msvcp140.dll
0x00007ffbf7270000 - 0x00007ffbf7eed000 	C:\Program Files\Android\Android Studio\jbr\bin\server\jvm.dll
0x00007ffcbef10000 - 0x00007ffcbefc2000 	C:\Windows\System32\ADVAPI32.dll
0x00007ffcbe230000 - 0x00007ffcbe2d8000 	C:\Windows\System32\sechost.dll
0x00007ffcbcf90000 - 0x00007ffcbcfb8000 	C:\Windows\System32\bcrypt.dll
0x00007ffcbdeb0000 - 0x00007ffcbdfc4000 	C:\Windows\System32\RPCRT4.dll
0x00007ffcbf660000 - 0x00007ffcbf6d1000 	C:\Windows\System32\WS2_32.dll
0x00007ffcbc790000 - 0x00007ffcbc7dd000 	C:\Windows\SYSTEM32\POWRPROF.dll
0x00007ffcb91f0000 - 0x00007ffcb9224000 	C:\Windows\SYSTEM32\WINMM.dll
0x00007ffcb1ed0000 - 0x00007ffcb1eda000 	C:\Windows\SYSTEM32\VERSION.dll
0x00007ffcbc530000 - 0x00007ffcbc543000 	C:\Windows\SYSTEM32\UMPDC.dll
0x00007ffcbbad0000 - 0x00007ffcbbae8000 	C:\Windows\SYSTEM32\kernel.appcore.dll
0x00007ffcb55b0000 - 0x00007ffcb55ba000 	C:\Program Files\Android\Android Studio\jbr\bin\jimage.dll
0x00007ffcb5b70000 - 0x00007ffcb5da2000 	C:\Windows\SYSTEM32\DBGHELP.DLL
0x00007ffcbdaa0000 - 0x00007ffcbde2e000 	C:\Windows\System32\combase.dll
0x00007ffcbefd0000 - 0x00007ffcbf0a7000 	C:\Windows\System32\OLEAUT32.dll
0x00007ffc86950000 - 0x00007ffc86982000 	C:\Windows\SYSTEM32\dbgcore.DLL
0x00007ffcbcee0000 - 0x00007ffcbcf5b000 	C:\Windows\System32\bcryptPrimitives.dll
0x00007ffca9910000 - 0x00007ffca991e000 	C:\Program Files\Android\Android Studio\jbr\bin\instrument.dll
0x00007ffcb5590000 - 0x00007ffcb55af000 	C:\Program Files\Android\Android Studio\jbr\bin\java.dll
0x00007ffcb5570000 - 0x00007ffcb5588000 	C:\Program Files\Android\Android Studio\jbr\bin\zip.dll
0x00007ffcbe4b0000 - 0x00007ffcbed19000 	C:\Windows\System32\SHELL32.dll
0x00007ffcba9f0000 - 0x00007ffcbb2ef000 	C:\Windows\SYSTEM32\windows.storage.dll
0x00007ffcba8b0000 - 0x00007ffcba9ef000 	C:\Windows\SYSTEM32\wintypes.dll
0x00007ffcbf0d0000 - 0x00007ffcbf1c9000 	C:\Windows\System32\SHCORE.dll
0x00007ffcbd4a0000 - 0x00007ffcbd4fe000 	C:\Windows\System32\shlwapi.dll
0x00007ffcbc9b0000 - 0x00007ffcbc9d7000 	C:\Windows\SYSTEM32\profapi.dll
0x00007ffcb5560000 - 0x00007ffcb5570000 	C:\Program Files\Android\Android Studio\jbr\bin\net.dll
0x00007ffcb1f20000 - 0x00007ffcb2056000 	C:\Windows\SYSTEM32\WINHTTP.dll
0x00007ffcbbf40000 - 0x00007ffcbbfa9000 	C:\Windows\system32\mswsock.dll
0x00007ffcb5540000 - 0x00007ffcb5556000 	C:\Program Files\Android\Android Studio\jbr\bin\nio.dll
0x00007ffcaa010000 - 0x00007ffcaa020000 	C:\Program Files\Android\Android Studio\jbr\bin\verify.dll
0x00007ffc9dd00000 - 0x00007ffc9dd27000 	C:\Users\muzif\.gradle\native\c067742578af261105cb4f569cf0c3c89f3d7b1fecec35dd04571415982c5e48\windows-amd64\native-platform.dll
0x00007ffc70680000 - 0x00007ffc707c4000 	C:\Users\muzif\.gradle\native\100fb08df4bc3b14c8652ba06237920a3bd2aa13389f12d3474272988ae205f9\windows-amd64\native-platform-file-events.dll
0x00007ffcaa0d0000 - 0x00007ffcaa0d9000 	C:\Program Files\Android\Android Studio\jbr\bin\management.dll
0x00007ffcaa0c0000 - 0x00007ffcaa0cb000 	C:\Program Files\Android\Android Studio\jbr\bin\management_ext.dll
0x00007ffcbe000000 - 0x00007ffcbe008000 	C:\Windows\System32\PSAPI.DLL
0x00007ffcbc1a0000 - 0x00007ffcbc1bb000 	C:\Windows\SYSTEM32\CRYPTSP.dll
0x00007ffcbba30000 - 0x00007ffcbba65000 	C:\Windows\system32\rsaenh.dll
0x00007ffcbc030000 - 0x00007ffcbc058000 	C:\Windows\SYSTEM32\USERENV.dll
0x00007ffcbc190000 - 0x00007ffcbc19c000 	C:\Windows\SYSTEM32\CRYPTBASE.dll
0x00007ffcbb590000 - 0x00007ffcbb5bd000 	C:\Windows\SYSTEM32\IPHLPAPI.DLL
0x00007ffcbe220000 - 0x00007ffcbe229000 	C:\Windows\System32\NSI.dll
0x00007ffcaa1f0000 - 0x00007ffcaa1f9000 	C:\Program Files\Android\Android Studio\jbr\bin\extnet.dll
0x00007ffcb7130000 - 0x00007ffcb7138000 	C:\Windows\system32\wshunix.dll

dbghelp: loaded successfully - version: 4.0.5 - missing functions: none
symbol engine: initialized successfully - sym options: 0x614 - pdb path: .;C:\Program Files\Android\Android Studio\jbr\bin;C:\Windows\SYSTEM32;C:\Windows\WinSxS\amd64_microsoft.windows.common-controls_6595b64144ccf1df_6.0.22621.3672_none_2713b9d173822955;C:\Program Files\Android\Android Studio\jbr\bin\server;C:\Users\muzif\.gradle\native\c067742578af261105cb4f569cf0c3c89f3d7b1fecec35dd04571415982c5e48\windows-amd64;C:\Users\muzif\.gradle\native\100fb08df4bc3b14c8652ba06237920a3bd2aa13389f12d3474272988ae205f9\windows-amd64

VM Arguments:
jvm_args: --add-opens=java.base/java.util=ALL-UNNAMED --add-opens=java.base/java.lang=ALL-UNNAMED --add-opens=java.base/java.lang.invoke=ALL-UNNAMED --add-opens=java.prefs/java.util.prefs=ALL-UNNAMED --add-exports=jdk.compiler/com.sun.tools.javac.api=ALL-UNNAMED --add-exports=jdk.compiler/com.sun.tools.javac.util=ALL-UNNAMED --add-opens=java.base/java.nio.charset=ALL-UNNAMED --add-opens=java.base/java.net=ALL-UNNAMED --add-opens=java.base/java.util.concurrent.atomic=ALL-UNNAMED -Xmx2048m -Dfile.encoding=UTF-8 -Duser.country=US -Duser.language=en -Duser.variant -javaagent:C:\Users\muzif\.gradle\wrapper\dists\gradle-8.9-bin\90cnw93cvbtalezasaz0blq0a\gradle-8.9\lib\agents\gradle-instrumentation-agent-8.9.jar 
java_command: org.gradle.launcher.daemon.bootstrap.GradleDaemon 8.9
java_class_path (initial): C:\Users\muzif\.gradle\wrapper\dists\gradle-8.9-bin\90cnw93cvbtalezasaz0blq0a\gradle-8.9\lib\gradle-daemon-main-8.9.jar
Launcher Type: SUN_STANDARD

[Global flags]
     intx CICompilerCount                          = 3                                         {product} {ergonomic}
     uint ConcGCThreads                            = 1                                         {product} {ergonomic}
     uint G1ConcRefinementThreads                  = 4                                         {product} {ergonomic}
   size_t G1HeapRegionSize                         = 1048576                                   {product} {ergonomic}
    uintx GCDrainStackTargetSize                   = 64                                        {product} {ergonomic}
   size_t InitialHeapSize                          = 132120576                                 {product} {ergonomic}
   size_t MarkStackSize                            = 4194304                                   {product} {ergonomic}
   size_t MaxHeapSize                              = 2147483648                                {product} {command line}
   size_t MaxNewSize                               = 1287651328                                {product} {ergonomic}
   size_t MinHeapDeltaBytes                        = 1048576                                   {product} {ergonomic}
   size_t MinHeapSize                              = 8388608                                   {product} {ergonomic}
    uintx NonNMethodCodeHeapSize                   = 5832780                                {pd product} {ergonomic}
    uintx NonProfiledCodeHeapSize                  = 122912730                              {pd product} {ergonomic}
    uintx ProfiledCodeHeapSize                     = 122912730                              {pd product} {ergonomic}
    uintx ReservedCodeCacheSize                    = 251658240                              {pd product} {ergonomic}
     bool SegmentedCodeCache                       = true                                      {product} {ergonomic}
   size_t SoftMaxHeapSize                          = 2147483648                             {manageable} {ergonomic}
     bool UseCompressedOops                        = true                           {product lp64_product} {ergonomic}
     bool UseG1GC                                  = true                                      {product} {ergonomic}
     bool UseLargePagesIndividualAllocation        = false                                  {pd product} {ergonomic}

Logging:
Log output configuration:
 #0: stdout all=warning uptime,level,tags foldmultilines=false
 #1: stderr all=off uptime,level,tags foldmultilines=false

Environment Variables:
PATH=C:\Program Files\Common Files\Oracle\Java\javapath;C:\Windows\system32;C:\Windows;C:\Windows\System32\Wbem;C:\Windows\System32\WindowsPowerShell\v1.0\;C:\Windows\System32\OpenSSH\;C:\jdk-17\bin;C:\Gradle\gradle-8.7\bin;C:\jdk-22\bin;C:\jdk-21\bin;C:\Program Files\PuTTY\;C:\Users\muzif\AppData\Local\Microsoft\WindowsApps;C:\Users\muzif\AppData\Local\Programs\Microsoft VS Code\bin
USERNAME=muzif
OS=Windows_NT
PROCESSOR_IDENTIFIER=Intel64 Family 6 Model 142 Stepping 12, GenuineIntel
TMP=C:\Users\muzif\AppData\Local\Temp
TEMP=C:\Users\muzif\AppData\Local\Temp




Periodic native trim disabled

JNI global refs:
JNI global refs: 22, weak refs: 0

JNI global refs memory usage: 835, weak refs: 833

Process memory usage:
Resident Set Size: 153124K (1% of 8218932K total physical memory with 37228K free physical memory)

OOME stack traces (most recent first):
Classloader memory used:
Loader bootstrap                                                                       : 16596K
Loader org.gradle.internal.classloader.VisitableURLClassLoader                         : 12246K
Loader org.gradle.initialization.MixInLegacyTypesClassLoader                           : 1981K
Loader jdk.internal.loader.ClassLoaders$AppClassLoader                                 : 230K
Loader jdk.internal.loader.ClassLoaders$PlatformClassLoader                            : 114K

Classes loaded by more than one classloader:
Class org.gradle.internal.classloader.FilteringClassLoader                            : loaded 2 times (x 102B)
Class org.gradle.internal.classloader.ClassLoaderHierarchy                            : loaded 2 times (x 67B)
Class org.gradle.api.internal.classpath.ManifestUtil                                  : loaded 2 times (x 68B)
Class org.gradle.internal.classloader.DefaultClassLoaderFactory                       : loaded 2 times (x 79B)
Class org.gradle.internal.classloader.ClassLoaderVisitor                              : loaded 2 times (x 73B)
Class org.gradle.api.internal.classpath.EffectiveClassPath                            : loaded 2 times (x 87B)
Class org.gradle.api.internal.DefaultClassPathProvider                                : loaded 2 times (x 73B)
Class [Lorg.gradle.api.internal.ClassPathProvider;                                    : loaded 2 times (x 66B)
Class org.gradle.api.internal.ClassPathProvider                                       : loaded 2 times (x 67B)
Class org.gradle.internal.service.UnknownServiceException                             : loaded 2 times (x 80B)
Class org.gradle.internal.classpath.TransformedClassPath                              : loaded 2 times (x 93B)
Class org.gradle.internal.service.ServiceLocator                                      : loaded 2 times (x 67B)
Class org.gradle.internal.InternalTransformer                                         : loaded 2 times (x 67B)
Class org.gradle.internal.classloader.ClasspathUtil$1                                 : loaded 2 times (x 73B)
Class org.gradle.api.internal.classpath.DefaultModuleRegistry$DefaultModule           : loaded 2 times (x 83B)
Class org.gradle.api.internal.classpath.Module                                        : loaded 2 times (x 67B)
Class org.gradle.api.internal.classpath.UnknownModuleException                        : loaded 2 times (x 79B)
Class org.gradle.api.internal.DefaultClassPathRegistry                                : loaded 2 times (x 73B)
Class org.gradle.api.internal.ClassPathRegistry                                       : loaded 2 times (x 67B)
Class org.gradle.internal.classpath.DefaultClassPath$ImmutableUniqueList              : loaded 2 times (x 196B)
Class org.gradle.internal.classpath.ClassPath                                         : loaded 2 times (x 67B)
Class org.gradle.api.UncheckedIOException                                             : loaded 2 times (x 79B)
Class org.gradle.internal.installation.GradleInstallation$1                           : loaded 2 times (x 72B)
Class org.gradle.api.internal.classpath.ModuleRegistry                                : loaded 2 times (x 67B)
Class org.gradle.api.internal.classpath.DefaultModuleRegistry                         : loaded 2 times (x 80B)
Class org.gradle.internal.service.ServiceLookupException                              : loaded 2 times (x 79B)
Class org.gradle.internal.classloader.ClassLoaderFactory                              : loaded 2 times (x 67B)
Class org.gradle.internal.service.CachingServiceLocator                               : loaded 2 times (x 79B)
Class org.gradle.internal.classloader.ClasspathUtil                                   : loaded 2 times (x 68B)
Class org.gradle.api.specs.Spec                                                       : loaded 2 times (x 67B)
Class org.gradle.internal.classloader.VisitableURLClassLoader$InstrumentingVisitableURLClassLoader: loaded 2 times (x 120B)
Class org.gradle.internal.classloader.VisitableURLClassLoader$Spec                    : loaded 2 times (x 71B)
Class org.gradle.internal.classpath.DefaultClassPath                                  : loaded 2 times (x 87B)
Class org.gradle.internal.classloader.ClassLoaderSpec                                 : loaded 2 times (x 68B)
Class org.gradle.internal.classloader.VisitableURLClassLoader                         : loaded 2 times (x 114B)
Class org.gradle.internal.Cast                                                        : loaded 2 times (x 68B)
Class org.gradle.api.Action                                                           : loaded 2 times (x 67B)
Class org.gradle.internal.agents.InstrumentingClassLoader                             : loaded 2 times (x 67B)
Class org.gradle.internal.classpath.DefaultClassPath$ImmutableUniqueList$Builder      : loaded 2 times (x 72B)
Class org.gradle.api.GradleException                                                  : loaded 2 times (x 79B)
Class org.gradle.internal.IoActions                                                   : loaded 2 times (x 68B)
Class org.gradle.internal.classloader.SystemClassLoaderSpec                           : loaded 2 times (x 68B)
Class org.gradle.internal.installation.CurrentGradleInstallationLocator               : loaded 2 times (x 68B)
Class org.gradle.internal.service.DefaultServiceLocator                               : loaded 2 times (x 80B)
Class org.gradle.internal.installation.CurrentGradleInstallation                      : loaded 2 times (x 70B)
Class org.gradle.util.internal.GUtil                                                  : loaded 2 times (x 68B)
Class org.gradle.internal.installation.GradleInstallation                             : loaded 2 times (x 72B)

---------------  S Y S T E M  ---------------

OS:
 Windows 11 , 64 bit Build 22621 (10.0.22621.3958)
OS uptime: 0 days 20:55 hours

CPU: total 4 (initial active 4) (2 cores per cpu, 2 threads per core) family 6 model 142 stepping 12 microcode 0xea, cx8, cmov, fxsr, ht, mmx, 3dnowpref, sse, sse2, sse3, ssse3, sse4.1, sse4.2, popcnt, lzcnt, tsc, tscinvbit, avx, avx2, aes, erms, clmul, bmi1, bmi2, adx, fma, vzeroupper, clflush, clflushopt, rdtscp, f16c
Processor Information for all 4 processors :
  Max Mhz: 2592, Current Mhz: 2093, Mhz Limit: 2073

Memory: 4k page, system-wide physical 8026M (36M free)
TotalPageFile size 32602M (AvailPageFile size 0M)
current process WorkingSet (physical memory assigned to process): 149M, peak: 180M
current process commit charge ("private bytes"): 204M, peak: 240M

vm_info: OpenJDK 64-Bit Server VM (21.0.3+-12282718-b509.11) for windows-amd64 JRE (21.0.3+-12282718-b509.11), built on 2024-08-27T17:34:15Z by "builder" with MS VC++ 16.10 / 16.11 (VS2019)

END.
